<?xml version="1.0" encoding="UTF-8"?>
<testsuite name="hudson.FilePathTest" time="33.488" tests="24" errors="0" skipped="1" failures="0">
  <properties>
    <property name="java.runtime.name" value="Java(TM) SE Runtime Environment"/>
    <property name="sun.boot.library.path" value="/usr/lib/jvm/java-8-oracle/jre/lib/amd64"/>
    <property name="java.vm.version" value="25.161-b12"/>
    <property name="java.vm.vendor" value="Oracle Corporation"/>
    <property name="maven.multiModuleProjectDirectory" value="/home/bawi235/Documents/UniversityOfKentucky/Classes/Spring2018/cs498/mp4/mp4/jenkins"/>
    <property name="java.vendor.url" value="http://java.oracle.com/"/>
    <property name="path.separator" value=":"/>
    <property name="guice.disable.misplaced.annotation.check" value="true"/>
    <property name="java.vm.name" value="Java HotSpot(TM) 64-Bit Server VM"/>
    <property name="file.encoding.pkg" value="sun.io"/>
    <property name="user.country" value="US"/>
    <property name="sun.java.launcher" value="SUN_STANDARD"/>
    <property name="sun.os.patch.level" value="unknown"/>
    <property name="java.vm.specification.name" value="Java Virtual Machine Specification"/>
    <property name="user.dir" value="/home/bawi235/Documents/UniversityOfKentucky/Classes/Spring2018/cs498/mp4/mp4/jenkins"/>
    <property name="java.runtime.version" value="1.8.0_161-b12"/>
    <property name="java.awt.graphicsenv" value="sun.awt.X11GraphicsEnvironment"/>
    <property name="java.endorsed.dirs" value="/usr/lib/jvm/java-8-oracle/jre/lib/endorsed"/>
    <property name="os.arch" value="amd64"/>
    <property name="java.io.tmpdir" value="/tmp"/>
    <property name="line.separator" value="&#10;"/>
    <property name="java.vm.specification.vendor" value="Oracle Corporation"/>
    <property name="os.name" value="Linux"/>
    <property name="classworlds.conf" value="/usr/share/maven/bin/m2.conf"/>
    <property name="sun.jnu.encoding" value="UTF-8"/>
    <property name="java.library.path" value="/usr/java/packages/lib/amd64:/usr/lib64:/lib64:/lib:/usr/lib"/>
    <property name="java.specification.name" value="Java Platform API Specification"/>
    <property name="java.class.version" value="52.0"/>
    <property name="sun.management.compiler" value="HotSpot 64-Bit Tiered Compilers"/>
    <property name="os.version" value="4.13.0-37-generic"/>
    <property name="user.home" value="/home/bawi235"/>
    <property name="user.timezone" value="America/New_York"/>
    <property name="java.awt.printerjob" value="sun.print.PSPrinterJob"/>
    <property name="file.encoding" value="UTF-8"/>
    <property name="java.specification.version" value="1.8"/>
    <property name="user.name" value="bawi235"/>
    <property name="java.class.path" value="/usr/share/maven/boot/plexus-classworlds-2.x.jar"/>
    <property name="java.vm.specification.version" value="1.8"/>
    <property name="sun.arch.data.model" value="64"/>
    <property name="java.home" value="/usr/lib/jvm/java-8-oracle/jre"/>
    <property name="sun.java.command" value="org.codehaus.plexus.classworlds.launcher.Launcher clean -Plight-test install"/>
    <property name="java.specification.vendor" value="Oracle Corporation"/>
    <property name="user.language" value="en"/>
    <property name="awt.toolkit" value="sun.awt.X11.XToolkit"/>
    <property name="java.vm.info" value="mixed mode"/>
    <property name="java.version" value="1.8.0_161"/>
    <property name="java.ext.dirs" value="/usr/lib/jvm/java-8-oracle/jre/lib/ext:/usr/java/packages/lib/ext"/>
    <property name="securerandom.source" value="file:/dev/./urandom"/>
    <property name="sun.boot.class.path" value="/usr/lib/jvm/java-8-oracle/jre/lib/resources.jar:/usr/lib/jvm/java-8-oracle/jre/lib/rt.jar:/usr/lib/jvm/java-8-oracle/jre/lib/sunrsasign.jar:/usr/lib/jvm/java-8-oracle/jre/lib/jsse.jar:/usr/lib/jvm/java-8-oracle/jre/lib/jce.jar:/usr/lib/jvm/java-8-oracle/jre/lib/charsets.jar:/usr/lib/jvm/java-8-oracle/jre/lib/jfr.jar:/usr/lib/jvm/java-8-oracle/jre/classes"/>
    <property name="java.vendor" value="Oracle Corporation"/>
    <property name="maven.home" value="/usr/share/maven"/>
    <property name="file.separator" value="/"/>
    <property name="java.vendor.url.bug" value="http://bugreport.sun.com/bugreport/"/>
    <property name="sun.cpu.endian" value="little"/>
    <property name="sun.io.unicode.encoding" value="UnicodeLittle"/>
    <property name="sun.desktop" value="gnome"/>
    <property name="sun.cpu.isalist" value=""/>
  </properties>
  <testcase name="validateAntFileMaskBounded" classname="hudson.FilePathTest" time="1.452"/>
  <testcase name="errorMessageInRemoteCopyRecursive" classname="hudson.FilePathTest" time="22.419"/>
  <testcase name="listWithExcludes" classname="hudson.FilePathTest" time="0.034"/>
  <testcase name="normalization" classname="hudson.FilePathTest" time="0.006"/>
  <testcase name="copyTo" classname="hudson.FilePathTest" time="0.019"/>
  <testcase name="noRaceConditionInCopyTo" classname="hudson.FilePathTest" time="0.528"/>
  <testcase name="isUnix" classname="hudson.FilePathTest" time="0.035"/>
  <testcase name="noFileLeakInCopyTo" classname="hudson.FilePathTest" time="7.637"/>
  <testcase name="copyToWithPermission" classname="hudson.FilePathTest" time="1.096"/>
  <testcase name="repeatCopyRecursiveTo" classname="hudson.FilePathTest" time="0.023"/>
  <testcase name="archiveBug" classname="hudson.FilePathTest" time="0.046"/>
  <testcase name="deleteLongPathOnWindows" classname="hudson.FilePathTest" time="0.021"/>
  <testcase name="list" classname="hudson.FilePathTest" time="0.008"/>
  <testcase name="installIfNecessaryPerformsInstallation" classname="hudson.FilePathTest" time="0.058"/>
  <testcase name="installIfNecessaryAvoidsExcessiveDownloadsByUsingIfModifiedSince" classname="hudson.FilePathTest" time="0.005"/>
  <testcase name="moveAllChildrenTo" classname="hudson.FilePathTest" time="0.005"/>
  <testcase name="compressTarUntarRoundTrip" classname="hudson.FilePathTest" time="0.044"/>
  <testcase name="archiveBigFile" classname="hudson.FilePathTest" time="0">
    <skipped/>
  </testcase>
  <testcase name="getParent" classname="hudson.FilePathTest" time="0.004"/>
  <testcase name="multiSegmentRelativePaths" classname="hudson.FilePathTest" time="0.004"/>
  <testcase name="installIfNecessarySkipsDownloadWhenErroneous" classname="hudson.FilePathTest" time="0.008"/>
  <testcase name="validateAntFileMask" classname="hudson.FilePathTest" time="0.026"/>
  <testcase name="symlinkInTar" classname="hudson.FilePathTest" time="0.005"/>
  <testcase name="listWithDefaultExcludes" classname="hudson.FilePathTest" time="0.005"/>
</testsuite>